[19:43:32] [Server thread/INFO]: Starting minecraft server version 1.8.8
[19:43:32] [Server thread/INFO]: Loading properties
[19:43:32] [Server thread/INFO]: Default game type: SURVIVAL
[19:43:32] [Server thread/INFO]: This server is running CraftBukkit version git-PaperSpigot-"4c7641d" (MC: 1.8.8) (Implementing API version 1.8.8-R0.1-SNAPSHOT)
[19:43:33] [Server thread/INFO]: Debug logging is disabled
[19:43:33] [Server thread/INFO]: Spigot Timings: true - Verbose: true - Interval: 5m - Length: 60m
[19:43:33] [Server thread/INFO]: Using 4 threads for Netty based IO
[19:43:33] [Server thread/INFO]: Server Ping Player Sample Count: 12
[19:43:33] [Server thread/INFO]: Data value allowed items: 
[19:43:33] [Server thread/INFO]: Generating keypair
[19:43:33] [Server thread/INFO]: Starting Minecraft server on *:25565
[19:43:33] [Server thread/INFO]: Using default channel type
[19:43:33] [Server thread/INFO]: Set PluginClassLoader as parallel capable
[19:43:33] [Server thread/INFO]: [PermissionsEx] Loading PermissionsEx v1.23.4
[19:43:33] [Server thread/INFO]: [WorldEdit] Loading WorldEdit v6.1.8-SNAPSHOT;cd4729f
[19:43:33] [Server thread/INFO]: [Vault] Loading Vault v1.7.2-b107
[19:43:33] [Server thread/INFO]: [PlaceholderAPI] Loading PlaceholderAPI v2.9.2
[19:43:33] [Server thread/INFO]: [WorldGuard] Loading WorldGuard v6.1.2;e38d98d
[19:43:33] [Server thread/INFO]: [Essentials] Loading Essentials v2.17.1.18
[19:43:33] [Server thread/INFO]: [NF] Loading NoFly v1.0-SNAPSHOT
[19:43:33] [Server thread/INFO]: [EssentialsSpawn] Loading EssentialsSpawn v2.17.1.18
[19:43:33] [Server thread/INFO]: [DeluxeChat] Loading DeluxeChat v1.14.4
[19:43:33] [Server thread/INFO]: [Vault] Enabling Vault v1.7.2-b107
[19:43:33] [Server thread/INFO]: [Vault] [Economy] Essentials Economy found: Waiting
[19:43:33] [Server thread/INFO]: [Vault] [Permission] PermissionsEx found: Waiting
[19:43:33] [Server thread/INFO]: [Vault] [Permission] SuperPermissions loaded as backup permission system.
[19:43:33] [Server thread/INFO]: [Vault] [Chat] PermissionsEx found: Waiting
[19:43:33] [Server thread/INFO]: [Vault] Enabled Version 1.7.2-b107
[19:43:33] [Server thread/INFO]: **** Beginning UUID conversion, this may take A LONG time ****
[19:43:33] [Server thread/INFO]: Preparing level "world"
[19:43:33] [Server thread/INFO]: -------- World Settings For [world] --------
[19:43:33] [Server thread/INFO]: Item Despawn Rate: 6000
[19:43:33] [Server thread/INFO]: Item Merge Radius: 2.5
[19:43:33] [Server thread/INFO]: Zombie Aggressive Towards Villager: true
[19:43:33] [Server thread/INFO]: Arrow Despawn Rate: 1200
[19:43:33] [Server thread/INFO]: Allow Zombie Pigmen to spawn from portal blocks: true
[19:43:33] [Server thread/INFO]: View Distance: 10
[19:43:33] [Server thread/INFO]: Chunks to Grow per Tick: 650
[19:43:33] [Server thread/INFO]: Clear tick list: false
[19:43:33] [Server thread/INFO]: Experience Merge Radius: 3.0
[19:43:33] [Server thread/INFO]: Mob Spawn Range: 4
[19:43:33] [Server thread/INFO]: Cactus Growth Modifier: 100%
[19:43:33] [Server thread/INFO]: Cane Growth Modifier: 100%
[19:43:33] [Server thread/INFO]: Melon Growth Modifier: 100%
[19:43:33] [Server thread/INFO]: Mushroom Growth Modifier: 100%
[19:43:33] [Server thread/INFO]: Pumpkin Growth Modifier: 100%
[19:43:33] [Server thread/INFO]: Sapling Growth Modifier: 100%
[19:43:33] [Server thread/INFO]: Wheat Growth Modifier: 100%
[19:43:33] [Server thread/INFO]: NetherWart Growth Modifier: 100%
[19:43:33] [Server thread/INFO]: Anti X-Ray: true
[19:43:33] [Server thread/INFO]: 	Engine Mode: 1
[19:43:33] [Server thread/INFO]: 	Hidden Blocks: [14, 15, 16, 21, 48, 49, 54, 56, 73, 74, 82, 129, 130]
[19:43:33] [Server thread/INFO]: 	Replace Blocks: [1, 5]
[19:43:33] [Server thread/INFO]: Nerfing mobs spawned from spawners: false
[19:43:33] [Server thread/INFO]: Sending up to 10 chunks per packet
[19:43:33] [Server thread/INFO]: Max TNT Explosions: 100
[19:43:33] [Server thread/INFO]: Tile Max Tick Time: 50ms Entity max Tick Time: 50ms
[19:43:33] [Server thread/INFO]: Random Lighting Updates: false
[19:43:33] [Server thread/INFO]: Structure Info Saving: true
[19:43:33] [Server thread/INFO]: Entity Activation Range: An 32 / Mo 32 / Mi 16
[19:43:33] [Server thread/INFO]: Entity Tracking Range: Pl 48 / An 48 / Mo 48 / Mi 32 / Other 64
[19:43:33] [Server thread/INFO]: Hopper Transfer: 8 Hopper Check: 8 Hopper Amount: 1
[19:43:33] [Server thread/INFO]: Custom Map Seeds:  Village: 10387312 Feature: 14357617
[19:43:33] [Server thread/INFO]: Max Entity Collisions: 8
[19:43:33] [Server thread/INFO]: -------- World Settings For [world] --------
[19:43:33] [Server thread/INFO]: Water over lava flow speed: 5
[19:43:33] [Server thread/INFO]: Allow undead horse types to be leashed: false
[19:43:33] [Server thread/INFO]: Fix TNT cannons: false
[19:43:33] [Server thread/INFO]: Keep spawn chunk loaded: true
[19:43:33] [Server thread/INFO]: World async lighting: false
[19:43:33] [Server thread/INFO]: WorldServer TickNextTick cap set at 10000
[19:43:33] [Server thread/INFO]: WorldServer TickNextTickList cap always processes redstone: false
[19:43:33] [Server thread/INFO]: Squids will spawn between Y: 45.0 and Y: 63.0
[19:43:33] [Server thread/INFO]: Living Entity Despawn Ranges:  Soft: 32 Hard: 128
[19:43:33] [Server thread/INFO]: Player blocking damage multiplier set to 0.5
[19:43:33] [Server thread/INFO]: Max height for cactus growth 3. Max height for reed growth 3
[19:43:33] [Server thread/INFO]: Remove invalid mob spawner tile entities: true
[19:43:33] [Server thread/INFO]: -------- World Settings For [world_nether] --------
[19:43:33] [Server thread/INFO]: Item Despawn Rate: 6000
[19:43:33] [Server thread/INFO]: Item Merge Radius: 2.5
[19:43:33] [Server thread/INFO]: Zombie Aggressive Towards Villager: true
[19:43:33] [Server thread/INFO]: Arrow Despawn Rate: 1200
[19:43:33] [Server thread/INFO]: Allow Zombie Pigmen to spawn from portal blocks: true
[19:43:33] [Server thread/INFO]: View Distance: 10
[19:43:33] [Server thread/INFO]: Chunks to Grow per Tick: 650
[19:43:33] [Server thread/INFO]: Clear tick list: false
[19:43:33] [Server thread/INFO]: Experience Merge Radius: 3.0
[19:43:33] [Server thread/INFO]: Mob Spawn Range: 4
[19:43:33] [Server thread/INFO]: Cactus Growth Modifier: 100%
[19:43:33] [Server thread/INFO]: Cane Growth Modifier: 100%
[19:43:33] [Server thread/INFO]: Melon Growth Modifier: 100%
[19:43:33] [Server thread/INFO]: Mushroom Growth Modifier: 100%
[19:43:33] [Server thread/INFO]: Pumpkin Growth Modifier: 100%
[19:43:33] [Server thread/INFO]: Sapling Growth Modifier: 100%
[19:43:33] [Server thread/INFO]: Wheat Growth Modifier: 100%
[19:43:33] [Server thread/INFO]: NetherWart Growth Modifier: 100%
[19:43:33] [Server thread/INFO]: Anti X-Ray: true
[19:43:33] [Server thread/INFO]: 	Engine Mode: 1
[19:43:33] [Server thread/INFO]: 	Hidden Blocks: [14, 15, 16, 21, 48, 49, 54, 56, 73, 74, 82, 129, 130]
[19:43:33] [Server thread/INFO]: 	Replace Blocks: [1, 5]
[19:43:33] [Server thread/INFO]: Nerfing mobs spawned from spawners: false
[19:43:33] [Server thread/INFO]: Sending up to 10 chunks per packet
[19:43:33] [Server thread/INFO]: Max TNT Explosions: 100
[19:43:33] [Server thread/INFO]: Tile Max Tick Time: 50ms Entity max Tick Time: 50ms
[19:43:33] [Server thread/INFO]: Random Lighting Updates: false
[19:43:33] [Server thread/INFO]: Structure Info Saving: true
[19:43:33] [Server thread/INFO]: Entity Activation Range: An 32 / Mo 32 / Mi 16
[19:43:33] [Server thread/INFO]: Entity Tracking Range: Pl 48 / An 48 / Mo 48 / Mi 32 / Other 64
[19:43:33] [Server thread/INFO]: Hopper Transfer: 8 Hopper Check: 8 Hopper Amount: 1
[19:43:33] [Server thread/INFO]: Custom Map Seeds:  Village: 10387312 Feature: 14357617
[19:43:33] [Server thread/INFO]: Max Entity Collisions: 8
[19:43:33] [Server thread/INFO]: -------- World Settings For [world_nether] --------
[19:43:33] [Server thread/INFO]: Water over lava flow speed: 5
[19:43:33] [Server thread/INFO]: Allow undead horse types to be leashed: false
[19:43:33] [Server thread/INFO]: Fix TNT cannons: false
[19:43:33] [Server thread/INFO]: Keep spawn chunk loaded: true
[19:43:33] [Server thread/INFO]: World async lighting: false
[19:43:33] [Server thread/INFO]: WorldServer TickNextTick cap set at 10000
[19:43:33] [Server thread/INFO]: WorldServer TickNextTickList cap always processes redstone: false
[19:43:33] [Server thread/INFO]: Squids will spawn between Y: 45.0 and Y: 63.0
[19:43:33] [Server thread/INFO]: Living Entity Despawn Ranges:  Soft: 32 Hard: 128
[19:43:33] [Server thread/INFO]: Player blocking damage multiplier set to 0.5
[19:43:33] [Server thread/INFO]: Max height for cactus growth 3. Max height for reed growth 3
[19:43:33] [Server thread/INFO]: Remove invalid mob spawner tile entities: true
[19:43:34] [Server thread/INFO]: -------- World Settings For [world_the_end] --------
[19:43:34] [Server thread/INFO]: Item Despawn Rate: 6000
[19:43:34] [Server thread/INFO]: Item Merge Radius: 2.5
[19:43:34] [Server thread/INFO]: Zombie Aggressive Towards Villager: true
[19:43:34] [Server thread/INFO]: Arrow Despawn Rate: 1200
[19:43:34] [Server thread/INFO]: Allow Zombie Pigmen to spawn from portal blocks: true
[19:43:34] [Server thread/INFO]: View Distance: 10
[19:43:34] [Server thread/INFO]: Chunks to Grow per Tick: 650
[19:43:34] [Server thread/INFO]: Clear tick list: false
[19:43:34] [Server thread/INFO]: Experience Merge Radius: 3.0
[19:43:34] [Server thread/INFO]: Mob Spawn Range: 4
[19:43:34] [Server thread/INFO]: Cactus Growth Modifier: 100%
[19:43:34] [Server thread/INFO]: Cane Growth Modifier: 100%
[19:43:34] [Server thread/INFO]: Melon Growth Modifier: 100%
[19:43:34] [Server thread/INFO]: Mushroom Growth Modifier: 100%
[19:43:34] [Server thread/INFO]: Pumpkin Growth Modifier: 100%
[19:43:34] [Server thread/INFO]: Sapling Growth Modifier: 100%
[19:43:34] [Server thread/INFO]: Wheat Growth Modifier: 100%
[19:43:34] [Server thread/INFO]: NetherWart Growth Modifier: 100%
[19:43:34] [Server thread/INFO]: Anti X-Ray: true
[19:43:34] [Server thread/INFO]: 	Engine Mode: 1
[19:43:34] [Server thread/INFO]: 	Hidden Blocks: [14, 15, 16, 21, 48, 49, 54, 56, 73, 74, 82, 129, 130]
[19:43:34] [Server thread/INFO]: 	Replace Blocks: [1, 5]
[19:43:34] [Server thread/INFO]: Nerfing mobs spawned from spawners: false
[19:43:34] [Server thread/INFO]: Sending up to 10 chunks per packet
[19:43:34] [Server thread/INFO]: Max TNT Explosions: 100
[19:43:34] [Server thread/INFO]: Tile Max Tick Time: 50ms Entity max Tick Time: 50ms
[19:43:34] [Server thread/INFO]: Random Lighting Updates: false
[19:43:34] [Server thread/INFO]: Structure Info Saving: true
[19:43:34] [Server thread/INFO]: Entity Activation Range: An 32 / Mo 32 / Mi 16
[19:43:34] [Server thread/INFO]: Entity Tracking Range: Pl 48 / An 48 / Mo 48 / Mi 32 / Other 64
[19:43:34] [Server thread/INFO]: Hopper Transfer: 8 Hopper Check: 8 Hopper Amount: 1
[19:43:34] [Server thread/INFO]: Custom Map Seeds:  Village: 10387312 Feature: 14357617
[19:43:34] [Server thread/INFO]: Max Entity Collisions: 8
[19:43:34] [Server thread/INFO]: -------- World Settings For [world_the_end] --------
[19:43:34] [Server thread/INFO]: Water over lava flow speed: 5
[19:43:34] [Server thread/INFO]: Allow undead horse types to be leashed: false
[19:43:34] [Server thread/INFO]: Fix TNT cannons: false
[19:43:34] [Server thread/INFO]: Keep spawn chunk loaded: true
[19:43:34] [Server thread/INFO]: World async lighting: false
[19:43:34] [Server thread/INFO]: WorldServer TickNextTick cap set at 10000
[19:43:34] [Server thread/INFO]: WorldServer TickNextTickList cap always processes redstone: false
[19:43:34] [Server thread/INFO]: Squids will spawn between Y: 45.0 and Y: 63.0
[19:43:34] [Server thread/INFO]: Living Entity Despawn Ranges:  Soft: 32 Hard: 128
[19:43:34] [Server thread/INFO]: Player blocking damage multiplier set to 0.5
[19:43:34] [Server thread/INFO]: Max height for cactus growth 3. Max height for reed growth 3
[19:43:34] [Server thread/INFO]: Remove invalid mob spawner tile entities: true
[19:43:34] [Server thread/INFO]: Preparing start region for level 0 (Seed: -7873520947102887268)
[19:43:34] [Server thread/INFO]: Preparing start region for level 1 (Seed: -7873520947102887268)
[19:43:35] [Server thread/INFO]: Preparing start region for level 2 (Seed: -7873520947102887268)
[19:43:35] [Server thread/INFO]: [PermissionsEx] Enabling PermissionsEx v1.23.4
[19:43:35] [Server thread/INFO]: [PermissionsEx] Initializing file backend
[19:43:35] [Server thread/INFO]: [PermissionsEx] Permissions file successfully reloaded
[19:43:35] [Server thread/INFO]: [Vault][Permission] PermissionsEx hooked.
[19:43:35] [Server thread/INFO]: [Vault] [Vault][Chat] PermissionsEx_Chat hooked.
[19:43:35] [Server thread/INFO]: [WorldEdit] Enabling WorldEdit v6.1.8-SNAPSHOT;cd4729f
[19:43:35] [Server thread/INFO]: WEPIF: PermissionsEx detected! Using PermissionsEx for permissions.
[19:43:35] [Server thread/INFO]: [WorldEdit] Using com.sk89q.worldedit.bukkit.adapter.impl.Spigot_v1_8_R3 as the Bukkit adapter
[19:43:35] [Server thread/INFO]: [PlaceholderAPI] Enabling PlaceholderAPI v2.9.2
[19:43:35] [Server thread/INFO]: [PlaceholderAPI] Placeholder expansion registration initializing...
[19:43:35] [Server thread/INFO]: [PlaceholderAPI] Successfully registered expansion: player
[19:43:35] [Server thread/INFO]: [PlaceholderAPI] Successfully registered expansion: vault
[19:43:35] [Server thread/INFO]: [PlaceholderAPI] Fetching available expansion information...
[19:43:35] [Server thread/INFO]: [WorldGuard] Enabling WorldGuard v6.1.2;e38d98d
[19:43:35] [Server thread/INFO]: [WorldGuard] (world) TNT ignition is PERMITTED.
[19:43:35] [Server thread/INFO]: [WorldGuard] (world) Lighters are PERMITTED.
[19:43:35] [Server thread/INFO]: [WorldGuard] (world) Lava fire is blocked.
[19:43:35] [Server thread/INFO]: [WorldGuard] (world) Fire spread is UNRESTRICTED.
[19:43:35] [Server thread/INFO]: [WorldGuard] Loaded configuration for world 'world'
[19:43:35] [Server thread/INFO]: [WorldGuard] (world_nether) TNT ignition is PERMITTED.
[19:43:35] [Server thread/INFO]: [WorldGuard] (world_nether) Lighters are PERMITTED.
[19:43:35] [Server thread/INFO]: [WorldGuard] (world_nether) Lava fire is blocked.
[19:43:35] [Server thread/INFO]: [WorldGuard] (world_nether) Fire spread is UNRESTRICTED.
[19:43:35] [Server thread/INFO]: [WorldGuard] Loaded configuration for world 'world_nether'
[19:43:35] [Server thread/INFO]: [WorldGuard] (world_the_end) TNT ignition is PERMITTED.
[19:43:35] [Server thread/INFO]: [WorldGuard] (world_the_end) Lighters are PERMITTED.
[19:43:35] [Server thread/INFO]: [WorldGuard] (world_the_end) Lava fire is blocked.
[19:43:35] [Server thread/INFO]: [WorldGuard] (world_the_end) Fire spread is UNRESTRICTED.
[19:43:35] [Server thread/INFO]: [WorldGuard] Loaded configuration for world 'world_the_end'
[19:43:35] [Server thread/INFO]: [WorldGuard] Loading region data...
[19:43:35] [Server thread/INFO]: [Essentials] Enabling Essentials v2.17.1.18
[19:43:36] [Server thread/INFO]: Attempting to convert old kits in config.yml to new kits.yml
[19:43:36] [Server thread/INFO]: No kits found to migrate.
[19:43:36] [Server thread/INFO]: [Essentials] Using legacy item data provider as mob spawner provider.
[19:43:36] [Server thread/INFO]: [Essentials] Using legacy item data provider as spawn egg provider.
[19:43:36] [Server thread/INFO]: [Essentials] Using legacy potion meta provider as potion meta provider.
[19:43:36] [Server thread/INFO]: Loaded 852 items from items.csv.
[19:43:36] [Server thread/INFO]: Using locale en_GB
[19:43:36] [Server thread/INFO]: [Essentials] ServerListPingEvent: Spigot iterator API
[19:43:36] [Server thread/INFO]: [Essentials] Starting Metrics. Opt-out using the global bStats config.
[19:43:36] [Server thread/INFO]: [Vault] [Vault][Economy] Essentials Economy hooked.
[19:43:36] [Server thread/INFO]: [Essentials] Using Vault based permissions (PermissionsEx)
[19:43:36] [Server thread/INFO]: [NF] Enabling NoFly v1.0-SNAPSHOT
[19:43:36] [Server thread/INFO]: [EssentialsSpawn] Enabling EssentialsSpawn v2.17.1.18
[19:43:36] [Server thread/INFO]: [DeluxeChat] Enabling DeluxeChat v1.14.4
[19:43:37] [Server thread/INFO]: [DeluxeChat] 1 formats loaded!
[19:43:37] [Server thread/INFO]: [DeluxeChat] Loading DeluxeChat messages.yml
[19:43:37] [Server thread/INFO]: [DeluxeChat] Detected Vault
[19:43:37] [Server thread/INFO]: [DeluxeChat] Hooked into Vault
[19:43:37] [Server thread/INFO]: Server permissions file permissions.yml is empty, ignoring it
[19:43:37] [Server thread/INFO]: Done (3.330s)! For help, type "help" or "?"
[19:43:37] [Server thread/INFO]: Timings Reset
[19:43:37] [Craft Scheduler Thread - 5/INFO]: [Vault] Checking for Updates ... 
[19:43:37] [Craft Scheduler Thread - 5/INFO]: [Vault] No new version available
[19:43:39] [Craft Scheduler Thread - 4/INFO]: [PlaceholderAPI] 164 placeholder expansions are available on the cloud.
